\BOOKMARK [0][-]{chapter.1}{Introduction}{}% 1
\BOOKMARK [1][-]{section.1.1}{Starting\040a\040python\040session\040on\040Lab\040PCs.}{chapter.1}% 2
\BOOKMARK [2][-]{subsection.1.1.1}{Make\040sure\040you\040have\040the\040right\040Python\040version}{section.1.1}% 3
\BOOKMARK [1][-]{section.1.2}{Python\040on\040you\040own\040computer}{chapter.1}% 4
\BOOKMARK [0][-]{chapter.2}{First\040steps\040in\040Python}{}% 5
\BOOKMARK [1][-]{section.2.1}{file-based\040python}{chapter.2}% 6
\BOOKMARK [1][-]{section.2.2}{Notebook-based\040python}{chapter.2}% 7
\BOOKMARK [1][-]{section.2.3}{Hello\040World!}{chapter.2}% 8
\BOOKMARK [1][-]{section.2.4}{Simple\040maths\040in\040python}{chapter.2}% 9
\BOOKMARK [2][-]{subsection.2.4.1}{Beyond\040simple\040maths}{section.2.4}% 10
\BOOKMARK [2][-]{subsection.2.4.2}{as\040library_name}{section.2.4}% 11
\BOOKMARK [2][-]{subsection.2.4.3}{Exercises}{section.2.4}% 12
\BOOKMARK [1][-]{section.2.5}{Read\040the\040docs}{chapter.2}% 13
\BOOKMARK [0][-]{chapter.3}{Programming\040\(in\040python\)}{}% 14
\BOOKMARK [1][-]{section.3.1}{Algorithms}{chapter.3}% 15
\BOOKMARK [2][-]{subsection.3.1.1}{Example:\040how\040many\040cans\040of\040paint?}{section.3.1}% 16
\BOOKMARK [1][-]{section.3.2}{Working\040with\040files}{chapter.3}% 17
\BOOKMARK [1][-]{section.3.3}{The\040building\040blocks\040of\040computer\040code}{chapter.3}% 18
\BOOKMARK [2][-]{subsection.3.3.1}{Conditional\040statements}{section.3.3}% 19
\BOOKMARK [2][-]{subsection.3.3.2}{Loops}{section.3.3}% 20
\BOOKMARK [2][-]{subsection.3.3.3}{Functions}{section.3.3}% 21
\BOOKMARK [1][-]{section.3.4}{Finding\040out\040more\040about\040python}{chapter.3}% 22
\BOOKMARK [1][-]{section.3.5}{Exercises}{chapter.3}% 23
\BOOKMARK [2][-]{subsection.3.5.1}{Coding\040challenges}{section.3.5}% 24
\BOOKMARK [2][-]{subsection.3.5.2}{Spot\040the\040difference}{section.3.5}% 25
\BOOKMARK [0][-]{chapter.4}{Notebooks\040with\040MyST\040Markdown}{}% 26
\BOOKMARK [1][-]{section.4.1}{An\040example\040cell}{chapter.4}% 27
\BOOKMARK [1][-]{section.4.2}{Create\040a\040notebook\040with\040MyST\040Markdown}{chapter.4}% 28
\BOOKMARK [1][-]{section.4.3}{Quickly\040add\040YAML\040metadata\040for\040MyST\040Notebooks}{chapter.4}% 29
